{"C:\\Users\\ASUS\\Documents\\Hacktiv8\\rmt 60\\Phase2\\Revisi IP\\IP-RMT60\\Server\\controllers\\OrderController.js": {"path":"C:\\Users\\ASUS\\Documents\\Hacktiv8\\rmt 60\\Phase2\\Revisi IP\\IP-RMT60\\Server\\controllers\\OrderController.js","statementMap":{"0":{"start":{"line":1,"column":15},"end":{"line":1,"column":35}},"1":{"start":{"line":2,"column":43},"end":{"line":2,"column":63}},"2":{"start":{"line":3,"column":13},"end":{"line":3,"column":28}},"3":{"start":{"line":4,"column":11},"end":{"line":4,"column":33}},"4":{"start":{"line":7,"column":0},"end":{"line":165,"column":2}},"5":{"start":{"line":9,"column":4},"end":{"line":23,"column":5}},"6":{"start":{"line":10,"column":21},"end":{"line":17,"column":8}},"7":{"start":{"line":19,"column":6},"end":{"line":19,"column":35}},"8":{"start":{"line":21,"column":26},"end":{"line":21,"column":110}},"9":{"start":{"line":22,"column":6},"end":{"line":22,"column":18}},"10":{"start":{"line":27,"column":4},"end":{"line":60,"column":5}},"11":{"start":{"line":28,"column":59},"end":{"line":28,"column":67}},"12":{"start":{"line":29,"column":21},"end":{"line":29,"column":32}},"13":{"start":{"line":31,"column":6},"end":{"line":33,"column":7}},"14":{"start":{"line":32,"column":8},"end":{"line":32,"column":72}},"15":{"start":{"line":36,"column":26},"end":{"line":36,"column":59}},"16":{"start":{"line":37,"column":6},"end":{"line":39,"column":7}},"17":{"start":{"line":38,"column":8},"end":{"line":38,"column":70}},"18":{"start":{"line":42,"column":23},"end":{"line":51,"column":8}},"19":{"start":{"line":53,"column":6},"end":{"line":56,"column":9}},"20":{"start":{"line":58,"column":26},"end":{"line":58,"column":109}},"21":{"start":{"line":59,"column":6},"end":{"line":59,"column":18}},"22":{"start":{"line":64,"column":4},"end":{"line":105,"column":5}},"23":{"start":{"line":65,"column":21},"end":{"line":65,"column":31}},"24":{"start":{"line":66,"column":67},"end":{"line":66,"column":75}},"25":{"start":{"line":68,"column":20},"end":{"line":68,"column":44}},"26":{"start":{"line":70,"column":6},"end":{"line":72,"column":7}},"27":{"start":{"line":71,"column":8},"end":{"line":71,"column":68}},"28":{"start":{"line":74,"column":6},"end":{"line":78,"column":7}},"29":{"start":{"line":75,"column":8},"end":{"line":77,"column":76}},"30":{"start":{"line":81,"column":23},"end":{"line":87,"column":7}},"31":{"start":{"line":89,"column":6},"end":{"line":94,"column":7}},"32":{"start":{"line":90,"column":28},"end":{"line":90,"column":61}},"33":{"start":{"line":91,"column":8},"end":{"line":93,"column":9}},"34":{"start":{"line":92,"column":10},"end":{"line":92,"column":53}},"35":{"start":{"line":96,"column":6},"end":{"line":96,"column":37}},"36":{"start":{"line":98,"column":6},"end":{"line":101,"column":9}},"37":{"start":{"line":103,"column":26},"end":{"line":103,"column":111}},"38":{"start":{"line":104,"column":6},"end":{"line":104,"column":18}},"39":{"start":{"line":109,"column":4},"end":{"line":133,"column":5}},"40":{"start":{"line":110,"column":21},"end":{"line":110,"column":31}},"41":{"start":{"line":112,"column":20},"end":{"line":112,"column":44}},"42":{"start":{"line":114,"column":6},"end":{"line":116,"column":7}},"43":{"start":{"line":115,"column":8},"end":{"line":115,"column":68}},"44":{"start":{"line":118,"column":6},"end":{"line":122,"column":7}},"45":{"start":{"line":119,"column":8},"end":{"line":121,"column":78}},"46":{"start":{"line":124,"column":6},"end":{"line":124,"column":50}},"47":{"start":{"line":126,"column":6},"end":{"line":129,"column":9}},"48":{"start":{"line":131,"column":26},"end":{"line":131,"column":113}},"49":{"start":{"line":132,"column":6},"end":{"line":132,"column":18}},"50":{"start":{"line":137,"column":4},"end":{"line":161,"column":5}},"51":{"start":{"line":138,"column":21},"end":{"line":138,"column":31}},"52":{"start":{"line":140,"column":20},"end":{"line":140,"column":44}},"53":{"start":{"line":142,"column":6},"end":{"line":144,"column":7}},"54":{"start":{"line":143,"column":8},"end":{"line":143,"column":68}},"55":{"start":{"line":146,"column":6},"end":{"line":150,"column":7}},"56":{"start":{"line":147,"column":8},"end":{"line":149,"column":76}},"57":{"start":{"line":152,"column":6},"end":{"line":152,"column":28}},"58":{"start":{"line":154,"column":6},"end":{"line":157,"column":9}},"59":{"start":{"line":159,"column":26},"end":{"line":159,"column":111}},"60":{"start":{"line":160,"column":6},"end":{"line":160,"column":18}},"61":{"start":{"line":172,"column":85},"end":{"line":172,"column":40362}},"62":{"start":{"line":172,"column":89},"end":{"line":172,"column":40351}}},"fnMap":{"0":{"name":"(anonymous_0)","decl":{"start":{"line":8,"column":2},"end":{"line":8,"column":3}},"loc":{"start":{"line":8,"column":44},"end":{"line":24,"column":3}},"line":8},"1":{"name":"(anonymous_1)","decl":{"start":{"line":26,"column":2},"end":{"line":26,"column":3}},"loc":{"start":{"line":26,"column":43},"end":{"line":61,"column":3}},"line":26},"2":{"name":"(anonymous_2)","decl":{"start":{"line":63,"column":2},"end":{"line":63,"column":3}},"loc":{"start":{"line":63,"column":43},"end":{"line":106,"column":3}},"line":63},"3":{"name":"(anonymous_3)","decl":{"start":{"line":108,"column":2},"end":{"line":108,"column":3}},"loc":{"start":{"line":108,"column":45},"end":{"line":134,"column":3}},"line":108},"4":{"name":"(anonymous_4)","decl":{"start":{"line":136,"column":2},"end":{"line":136,"column":3}},"loc":{"start":{"line":136,"column":43},"end":{"line":162,"column":3}},"line":136},"5":{"name":"oo_cm","decl":{"start":{"line":172,"column":77},"end":{"line":172,"column":82}},"loc":{"start":{"line":172,"column":84},"end":{"line":172,"column":40363}},"line":172}},"branchMap":{"0":{"loc":{"start":{"line":31,"column":6},"end":{"line":33,"column":7}},"type":"if","locations":[{"start":{"line":31,"column":6},"end":{"line":33,"column":7}},{"start":{},"end":{}}],"line":31},"1":{"loc":{"start":{"line":37,"column":6},"end":{"line":39,"column":7}},"type":"if","locations":[{"start":{"line":37,"column":6},"end":{"line":39,"column":7}},{"start":{},"end":{}}],"line":37},"2":{"loc":{"start":{"line":45,"column":14},"end":{"line":45,"column":32}},"type":"binary-expr","locations":[{"start":{"line":45,"column":14},"end":{"line":45,"column":18}},{"start":{"line":45,"column":22},"end":{"line":45,"column":32}}],"line":45},"3":{"loc":{"start":{"line":70,"column":6},"end":{"line":72,"column":7}},"type":"if","locations":[{"start":{"line":70,"column":6},"end":{"line":72,"column":7}},{"start":{},"end":{}}],"line":70},"4":{"loc":{"start":{"line":74,"column":6},"end":{"line":78,"column":7}},"type":"if","locations":[{"start":{"line":74,"column":6},"end":{"line":78,"column":7}},{"start":{},"end":{}}],"line":74},"5":{"loc":{"start":{"line":89,"column":6},"end":{"line":94,"column":7}},"type":"if","locations":[{"start":{"line":89,"column":6},"end":{"line":94,"column":7}},{"start":{},"end":{}}],"line":89},"6":{"loc":{"start":{"line":89,"column":10},"end":{"line":89,"column":52}},"type":"binary-expr","locations":[{"start":{"line":89,"column":10},"end":{"line":89,"column":19}},{"start":{"line":89,"column":23},"end":{"line":89,"column":52}}],"line":89},"7":{"loc":{"start":{"line":91,"column":8},"end":{"line":93,"column":9}},"type":"if","locations":[{"start":{"line":91,"column":8},"end":{"line":93,"column":9}},{"start":{},"end":{}}],"line":91},"8":{"loc":{"start":{"line":114,"column":6},"end":{"line":116,"column":7}},"type":"if","locations":[{"start":{"line":114,"column":6},"end":{"line":116,"column":7}},{"start":{},"end":{}}],"line":114},"9":{"loc":{"start":{"line":118,"column":6},"end":{"line":122,"column":7}},"type":"if","locations":[{"start":{"line":118,"column":6},"end":{"line":122,"column":7}},{"start":{},"end":{}}],"line":118},"10":{"loc":{"start":{"line":142,"column":6},"end":{"line":144,"column":7}},"type":"if","locations":[{"start":{"line":142,"column":6},"end":{"line":144,"column":7}},{"start":{},"end":{}}],"line":142},"11":{"loc":{"start":{"line":146,"column":6},"end":{"line":150,"column":7}},"type":"if","locations":[{"start":{"line":146,"column":6},"end":{"line":150,"column":7}},{"start":{},"end":{}}],"line":146},"12":{"loc":{"start":{"line":172,"column":96},"end":{"line":172,"column":40350}},"type":"binary-expr","locations":[{"start":{"line":172,"column":96},"end":{"line":172,"column":133}},{"start":{"line":172,"column":137},"end":{"line":172,"column":40350}}],"line":172}},"s":{"0":1,"1":1,"2":1,"3":1,"4":1,"5":2,"6":2,"7":1,"8":1,"9":1,"10":4,"11":4,"12":4,"13":4,"14":1,"15":3,"16":3,"17":1,"18":2,"19":1,"20":1,"21":1,"22":4,"23":4,"24":4,"25":4,"26":3,"27":1,"28":2,"29":1,"30":1,"31":1,"32":1,"33":1,"34":1,"35":1,"36":1,"37":1,"38":1,"39":4,"40":4,"41":4,"42":3,"43":1,"44":2,"45":1,"46":1,"47":1,"48":1,"49":1,"50":4,"51":4,"52":4,"53":3,"54":1,"55":2,"56":1,"57":1,"58":1,"59":1,"60":1,"61":5,"62":5},"f":{"0":2,"1":4,"2":4,"3":4,"4":4,"5":5},"b":{"0":[1,3],"1":[1,2],"2":[2,0],"3":[1,2],"4":[1,1],"5":[1,0],"6":[1,1],"7":[1,0],"8":[1,2],"9":[1,1],"10":[1,2],"11":[1,1],"12":[5,1]},"_coverageSchema":"1a1c01bbd47fc00a2c39e90264f33305004495a9","hash":"111b5b2f8d8a7600fe17dfc4d16b73a281cadc28"}
,"C:\\Users\\ASUS\\Documents\\Hacktiv8\\rmt 60\\Phase2\\Revisi IP\\IP-RMT60\\Server\\controllers\\PaymentController.js": {"path":"C:\\Users\\ASUS\\Documents\\Hacktiv8\\rmt 60\\Phase2\\Revisi IP\\IP-RMT60\\Server\\controllers\\PaymentController.js","statementMap":{"0":{"start":{"line":1,"column":33},"end":{"line":1,"column":53}},"1":{"start":{"line":2,"column":23},"end":{"line":2,"column":49}},"2":{"start":{"line":5,"column":22},"end":{"line":11,"column":1}},"3":{"start":{"line":6,"column":2},"end":{"line":10,"column":5}},"4":{"start":{"line":13,"column":0},"end":{"line":220,"column":68}},"5":{"start":{"line":15,"column":8},"end":{"line":58,"column":9}},"6":{"start":{"line":16,"column":25},"end":{"line":16,"column":35}},"7":{"start":{"line":17,"column":36},"end":{"line":17,"column":44}},"8":{"start":{"line":18,"column":32},"end":{"line":18,"column":56}},"9":{"start":{"line":20,"column":24},"end":{"line":20,"column":48}},"10":{"start":{"line":22,"column":10},"end":{"line":24,"column":11}},"11":{"start":{"line":23,"column":12},"end":{"line":23,"column":72}},"12":{"start":{"line":26,"column":10},"end":{"line":30,"column":11}},"13":{"start":{"line":27,"column":12},"end":{"line":29,"column":83}},"14":{"start":{"line":32,"column":34},"end":{"line":32,"column":38}},"15":{"start":{"line":33,"column":10},"end":{"line":42,"column":11}},"16":{"start":{"line":34,"column":30},"end":{"line":34,"column":64}},"17":{"start":{"line":35,"column":12},"end":{"line":35,"column":59}},"18":{"start":{"line":36,"column":29},"end":{"line":36,"column":66}},"19":{"start":{"line":37,"column":12},"end":{"line":37,"column":63}},"20":{"start":{"line":38,"column":12},"end":{"line":41,"column":14}},"21":{"start":{"line":44,"column":10},"end":{"line":49,"column":13}},"22":{"start":{"line":51,"column":10},"end":{"line":54,"column":13}},"23":{"start":{"line":56,"column":30},"end":{"line":56,"column":89}},"24":{"start":{"line":57,"column":10},"end":{"line":57,"column":22}},"25":{"start":{"line":62,"column":8},"end":{"line":131,"column":9}},"26":{"start":{"line":63,"column":30},"end":{"line":63,"column":38}},"27":{"start":{"line":66,"column":24},"end":{"line":72,"column":12}},"28":{"start":{"line":74,"column":10},"end":{"line":76,"column":11}},"29":{"start":{"line":75,"column":12},"end":{"line":75,"column":72}},"30":{"start":{"line":78,"column":10},"end":{"line":80,"column":11}},"31":{"start":{"line":79,"column":12},"end":{"line":79,"column":84}},"32":{"start":{"line":83,"column":23},"end":{"line":83,"column":38}},"33":{"start":{"line":86,"column":32},"end":{"line":86,"column":65}},"34":{"start":{"line":89,"column":26},"end":{"line":110,"column":11}},"35":{"start":{"line":113,"column":30},"end":{"line":113,"column":69}},"36":{"start":{"line":114,"column":35},"end":{"line":114,"column":52}},"37":{"start":{"line":117,"column":10},"end":{"line":120,"column":13}},"38":{"start":{"line":122,"column":10},"end":{"line":127,"column":13}},"39":{"start":{"line":129,"column":30},"end":{"line":129,"column":91}},"40":{"start":{"line":130,"column":10},"end":{"line":130,"column":22}},"41":{"start":{"line":136,"column":8},"end":{"line":191,"column":9}},"42":{"start":{"line":137,"column":31},"end":{"line":137,"column":39}},"43":{"start":{"line":140,"column":28},"end":{"line":144,"column":12}},"44":{"start":{"line":147,"column":33},"end":{"line":147,"column":87}},"45":{"start":{"line":148,"column":26},"end":{"line":148,"column":49}},"46":{"start":{"line":149,"column":36},"end":{"line":149,"column":69}},"47":{"start":{"line":150,"column":30},"end":{"line":150,"column":57}},"48":{"start":{"line":153,"column":32},"end":{"line":153,"column":53}},"49":{"start":{"line":156,"column":24},"end":{"line":156,"column":59}},"50":{"start":{"line":158,"column":10},"end":{"line":160,"column":11}},"51":{"start":{"line":159,"column":12},"end":{"line":159,"column":72}},"52":{"start":{"line":163,"column":30},"end":{"line":163,"column":39}},"53":{"start":{"line":164,"column":28},"end":{"line":164,"column":40}},"54":{"start":{"line":166,"column":10},"end":{"line":177,"column":11}},"55":{"start":{"line":167,"column":12},"end":{"line":170,"column":13}},"56":{"start":{"line":168,"column":14},"end":{"line":168,"column":37}},"57":{"start":{"line":169,"column":14},"end":{"line":169,"column":41}},"58":{"start":{"line":171,"column":17},"end":{"line":177,"column":11}},"59":{"start":{"line":174,"column":12},"end":{"line":174,"column":37}},"60":{"start":{"line":175,"column":17},"end":{"line":177,"column":11}},"61":{"start":{"line":176,"column":12},"end":{"line":176,"column":38}},"62":{"start":{"line":180,"column":10},"end":{"line":184,"column":13}},"63":{"start":{"line":187,"column":10},"end":{"line":187,"column":49}},"64":{"start":{"line":189,"column":30},"end":{"line":189,"column":130}},"65":{"start":{"line":190,"column":10},"end":{"line":190,"column":22}},"66":{"start":{"line":195,"column":8},"end":{"line":211,"column":11}},"67":{"start":{"line":196,"column":26},"end":{"line":198,"column":14}},"68":{"start":{"line":200,"column":12},"end":{"line":202,"column":13}},"69":{"start":{"line":201,"column":14},"end":{"line":201,"column":74}},"70":{"start":{"line":204,"column":12},"end":{"line":208,"column":15}},"71":{"start":{"line":210,"column":12},"end":{"line":210,"column":24}},"72":{"start":{"line":220,"column":85},"end":{"line":220,"column":40362}},"73":{"start":{"line":220,"column":89},"end":{"line":220,"column":40351}}},"fnMap":{"0":{"name":"(anonymous_0)","decl":{"start":{"line":5,"column":22},"end":{"line":5,"column":23}},"loc":{"start":{"line":5,"column":28},"end":{"line":11,"column":1}},"line":5},"1":{"name":"(anonymous_1)","decl":{"start":{"line":14,"column":4},"end":{"line":14,"column":5}},"loc":{"start":{"line":14,"column":45},"end":{"line":59,"column":5}},"line":14},"2":{"name":"(anonymous_2)","decl":{"start":{"line":61,"column":6},"end":{"line":61,"column":7}},"loc":{"start":{"line":61,"column":51},"end":{"line":132,"column":7}},"line":61},"3":{"name":"(anonymous_3)","decl":{"start":{"line":135,"column":6},"end":{"line":135,"column":7}},"loc":{"start":{"line":135,"column":61},"end":{"line":192,"column":7}},"line":135},"4":{"name":"(anonymous_4)","decl":{"start":{"line":194,"column":6},"end":{"line":194,"column":7}},"loc":{"start":{"line":194,"column":52},"end":{"line":212,"column":9}},"line":194},"5":{"name":"oo_cm","decl":{"start":{"line":220,"column":77},"end":{"line":220,"column":82}},"loc":{"start":{"line":220,"column":84},"end":{"line":220,"column":40363}},"line":220}},"branchMap":{"0":{"loc":{"start":{"line":22,"column":10},"end":{"line":24,"column":11}},"type":"if","locations":[{"start":{"line":22,"column":10},"end":{"line":24,"column":11}},{"start":{},"end":{}}],"line":22},"1":{"loc":{"start":{"line":26,"column":10},"end":{"line":30,"column":11}},"type":"if","locations":[{"start":{"line":26,"column":10},"end":{"line":30,"column":11}},{"start":{},"end":{}}],"line":26},"2":{"loc":{"start":{"line":33,"column":10},"end":{"line":42,"column":11}},"type":"if","locations":[{"start":{"line":33,"column":10},"end":{"line":42,"column":11}},{"start":{},"end":{}}],"line":33},"3":{"loc":{"start":{"line":74,"column":10},"end":{"line":76,"column":11}},"type":"if","locations":[{"start":{"line":74,"column":10},"end":{"line":76,"column":11}},{"start":{},"end":{}}],"line":74},"4":{"loc":{"start":{"line":78,"column":10},"end":{"line":80,"column":11}},"type":"if","locations":[{"start":{"line":78,"column":10},"end":{"line":80,"column":11}},{"start":{},"end":{}}],"line":78},"5":{"loc":{"start":{"line":100,"column":21},"end":{"line":100,"column":60}},"type":"binary-expr","locations":[{"start":{"line":100,"column":21},"end":{"line":100,"column":43}},{"start":{"line":100,"column":47},"end":{"line":100,"column":60}}],"line":100},"6":{"loc":{"start":{"line":158,"column":10},"end":{"line":160,"column":11}},"type":"if","locations":[{"start":{"line":158,"column":10},"end":{"line":160,"column":11}},{"start":{},"end":{}}],"line":158},"7":{"loc":{"start":{"line":166,"column":10},"end":{"line":177,"column":11}},"type":"if","locations":[{"start":{"line":166,"column":10},"end":{"line":177,"column":11}},{"start":{"line":171,"column":17},"end":{"line":177,"column":11}}],"line":166},"8":{"loc":{"start":{"line":166,"column":14},"end":{"line":166,"column":83}},"type":"binary-expr","locations":[{"start":{"line":166,"column":14},"end":{"line":166,"column":45}},{"start":{"line":166,"column":49},"end":{"line":166,"column":83}}],"line":166},"9":{"loc":{"start":{"line":167,"column":12},"end":{"line":170,"column":13}},"type":"if","locations":[{"start":{"line":167,"column":12},"end":{"line":170,"column":13}},{"start":{},"end":{}}],"line":167},"10":{"loc":{"start":{"line":171,"column":17},"end":{"line":177,"column":11}},"type":"if","locations":[{"start":{"line":171,"column":17},"end":{"line":177,"column":11}},{"start":{"line":175,"column":17},"end":{"line":177,"column":11}}],"line":171},"11":{"loc":{"start":{"line":171,"column":21},"end":{"line":173,"column":50}},"type":"binary-expr","locations":[{"start":{"line":171,"column":21},"end":{"line":171,"column":51}},{"start":{"line":172,"column":20},"end":{"line":172,"column":48}},{"start":{"line":173,"column":20},"end":{"line":173,"column":50}}],"line":171},"12":{"loc":{"start":{"line":175,"column":17},"end":{"line":177,"column":11}},"type":"if","locations":[{"start":{"line":175,"column":17},"end":{"line":177,"column":11}},{"start":{},"end":{}}],"line":175},"13":{"loc":{"start":{"line":200,"column":12},"end":{"line":202,"column":13}},"type":"if","locations":[{"start":{"line":200,"column":12},"end":{"line":202,"column":13}},{"start":{},"end":{}}],"line":200},"14":{"loc":{"start":{"line":220,"column":96},"end":{"line":220,"column":40350}},"type":"binary-expr","locations":[{"start":{"line":220,"column":96},"end":{"line":220,"column":133}},{"start":{"line":220,"column":137},"end":{"line":220,"column":40350}}],"line":220}},"s":{"0":1,"1":1,"2":1,"3":1,"4":1,"5":5,"6":5,"7":5,"8":5,"9":5,"10":4,"11":1,"12":3,"13":1,"14":2,"15":2,"16":1,"17":1,"18":1,"19":1,"20":1,"21":2,"22":2,"23":1,"24":1,"25":4,"26":4,"27":4,"28":3,"29":1,"30":2,"31":1,"32":1,"33":1,"34":1,"35":1,"36":1,"37":1,"38":1,"39":1,"40":1,"41":11,"42":11,"43":11,"44":11,"45":11,"46":11,"47":11,"48":11,"49":11,"50":10,"51":2,"52":8,"53":8,"54":8,"55":1,"56":1,"57":1,"58":7,"59":3,"60":4,"61":1,"62":8,"63":8,"64":1,"65":1,"66":3,"67":3,"68":2,"69":1,"70":1,"71":1,"72":3,"73":3},"f":{"0":1,"1":5,"2":4,"3":11,"4":3,"5":3},"b":{"0":[1,3],"1":[1,2],"2":[1,1],"3":[1,2],"4":[1,1],"5":[1,0],"6":[2,8],"7":[1,7],"8":[8,8],"9":[1,0],"10":[3,4],"11":[7,6,5],"12":[1,3],"13":[1,1],"14":[3,1]},"_coverageSchema":"1a1c01bbd47fc00a2c39e90264f33305004495a9","hash":"f42a743fe1bfb5ebdfb48b819b2d6f653796e712"}
,"C:\\Users\\ASUS\\Documents\\Hacktiv8\\rmt 60\\Phase2\\Revisi IP\\IP-RMT60\\Server\\controllers\\UserController.js": {"path":"C:\\Users\\ASUS\\Documents\\Hacktiv8\\rmt 60\\Phase2\\Revisi IP\\IP-RMT60\\Server\\controllers\\UserController.js","statementMap":{"0":{"start":{"line":1,"column":28},"end":{"line":1,"column":56}},"1":{"start":{"line":2,"column":24},"end":{"line":2,"column":49}},"2":{"start":{"line":3,"column":17},"end":{"line":3,"column":37}},"3":{"start":{"line":4,"column":25},"end":{"line":4,"column":55}},"4":{"start":{"line":5,"column":15},"end":{"line":5,"column":33}},"5":{"start":{"line":7,"column":0},"end":{"line":86,"column":2}},"6":{"start":{"line":9,"column":4},"end":{"line":26,"column":5}},"7":{"start":{"line":10,"column":56},"end":{"line":10,"column":64}},"8":{"start":{"line":11,"column":22},"end":{"line":16,"column":8}},"9":{"start":{"line":17,"column":6},"end":{"line":23,"column":9}},"10":{"start":{"line":25,"column":6},"end":{"line":25,"column":18}},"11":{"start":{"line":30,"column":32},"end":{"line":30,"column":40}},"12":{"start":{"line":31,"column":4},"end":{"line":33,"column":5}},"13":{"start":{"line":32,"column":6},"end":{"line":32,"column":65}},"14":{"start":{"line":34,"column":4},"end":{"line":36,"column":5}},"15":{"start":{"line":35,"column":6},"end":{"line":35,"column":69}},"16":{"start":{"line":38,"column":4},"end":{"line":54,"column":5}},"17":{"start":{"line":39,"column":19},"end":{"line":39,"column":59}},"18":{"start":{"line":40,"column":6},"end":{"line":42,"column":7}},"19":{"start":{"line":41,"column":8},"end":{"line":41,"column":78}},"20":{"start":{"line":44,"column":30},"end":{"line":44,"column":70}},"21":{"start":{"line":45,"column":6},"end":{"line":47,"column":7}},"22":{"start":{"line":46,"column":8},"end":{"line":46,"column":78}},"23":{"start":{"line":49,"column":27},"end":{"line":49,"column":74}},"24":{"start":{"line":51,"column":6},"end":{"line":51,"column":45}},"25":{"start":{"line":53,"column":6},"end":{"line":53,"column":16}},"26":{"start":{"line":58,"column":4},"end":{"line":84,"column":5}},"27":{"start":{"line":59,"column":30},"end":{"line":59,"column":38}},"28":{"start":{"line":60,"column":21},"end":{"line":64,"column":8}},"29":{"start":{"line":65,"column":22},"end":{"line":65,"column":41}},"30":{"start":{"line":67,"column":19},"end":{"line":67,"column":74}},"31":{"start":{"line":70,"column":6},"end":{"line":79,"column":7}},"32":{"start":{"line":71,"column":8},"end":{"line":76,"column":11}},"33":{"start":{"line":78,"column":8},"end":{"line":78,"column":34}},"34":{"start":{"line":80,"column":27},"end":{"line":80,"column":55}},"35":{"start":{"line":81,"column":6},"end":{"line":81,"column":33}},"36":{"start":{"line":83,"column":6},"end":{"line":83,"column":16}}},"fnMap":{"0":{"name":"(anonymous_0)","decl":{"start":{"line":8,"column":2},"end":{"line":8,"column":3}},"loc":{"start":{"line":8,"column":40},"end":{"line":27,"column":3}},"line":8},"1":{"name":"(anonymous_1)","decl":{"start":{"line":29,"column":2},"end":{"line":29,"column":3}},"loc":{"start":{"line":29,"column":37},"end":{"line":55,"column":3}},"line":29},"2":{"name":"(anonymous_2)","decl":{"start":{"line":57,"column":2},"end":{"line":57,"column":3}},"loc":{"start":{"line":57,"column":43},"end":{"line":85,"column":3}},"line":57}},"branchMap":{"0":{"loc":{"start":{"line":31,"column":4},"end":{"line":33,"column":5}},"type":"if","locations":[{"start":{"line":31,"column":4},"end":{"line":33,"column":5}},{"start":{},"end":{}}],"line":31},"1":{"loc":{"start":{"line":34,"column":4},"end":{"line":36,"column":5}},"type":"if","locations":[{"start":{"line":34,"column":4},"end":{"line":36,"column":5}},{"start":{},"end":{}}],"line":34},"2":{"loc":{"start":{"line":40,"column":6},"end":{"line":42,"column":7}},"type":"if","locations":[{"start":{"line":40,"column":6},"end":{"line":42,"column":7}},{"start":{},"end":{}}],"line":40},"3":{"loc":{"start":{"line":45,"column":6},"end":{"line":47,"column":7}},"type":"if","locations":[{"start":{"line":45,"column":6},"end":{"line":47,"column":7}},{"start":{},"end":{}}],"line":45},"4":{"loc":{"start":{"line":70,"column":6},"end":{"line":79,"column":7}},"type":"if","locations":[{"start":{"line":70,"column":6},"end":{"line":79,"column":7}},{"start":{"line":77,"column":13},"end":{"line":79,"column":7}}],"line":70},"5":{"loc":{"start":{"line":74,"column":23},"end":{"line":74,"column":50}},"type":"binary-expr","locations":[{"start":{"line":74,"column":23},"end":{"line":74,"column":42}},{"start":{"line":74,"column":46},"end":{"line":74,"column":50}}],"line":74},"6":{"loc":{"start":{"line":75,"column":19},"end":{"line":75,"column":42}},"type":"binary-expr","locations":[{"start":{"line":75,"column":19},"end":{"line":75,"column":34}},{"start":{"line":75,"column":38},"end":{"line":75,"column":42}}],"line":75}},"s":{"0":1,"1":1,"2":1,"3":1,"4":1,"5":1,"6":2,"7":2,"8":2,"9":1,"10":1,"11":6,"12":6,"13":1,"14":5,"15":1,"16":4,"17":4,"18":3,"19":1,"20":2,"21":2,"22":1,"23":1,"24":1,"25":3,"26":1,"27":1,"28":1,"29":1,"30":0,"31":0,"32":0,"33":0,"34":0,"35":0,"36":1},"f":{"0":2,"1":6,"2":1},"b":{"0":[1,5],"1":[1,4],"2":[1,2],"3":[1,1],"4":[0,0],"5":[0,0],"6":[0,0]},"_coverageSchema":"1a1c01bbd47fc00a2c39e90264f33305004495a9","hash":"360666e7e2e2506d6077072c1673f5ea86073057"}
,"C:\\Users\\ASUS\\Documents\\Hacktiv8\\rmt 60\\Phase2\\Revisi IP\\IP-RMT60\\Server\\helpers\\bcrypt.js": {"path":"C:\\Users\\ASUS\\Documents\\Hacktiv8\\rmt 60\\Phase2\\Revisi IP\\IP-RMT60\\Server\\helpers\\bcrypt.js","statementMap":{"0":{"start":{"line":1,"column":15},"end":{"line":1,"column":34}},"1":{"start":{"line":3,"column":21},"end":{"line":5,"column":1}},"2":{"start":{"line":4,"column":4},"end":{"line":4,"column":39}},"3":{"start":{"line":7,"column":24},"end":{"line":9,"column":1}},"4":{"start":{"line":8,"column":4},"end":{"line":8,"column":55}},"5":{"start":{"line":11,"column":0},"end":{"line":14,"column":1}}},"fnMap":{"0":{"name":"(anonymous_0)","decl":{"start":{"line":3,"column":21},"end":{"line":3,"column":22}},"loc":{"start":{"line":3,"column":35},"end":{"line":5,"column":1}},"line":3},"1":{"name":"(anonymous_1)","decl":{"start":{"line":7,"column":24},"end":{"line":7,"column":25}},"loc":{"start":{"line":7,"column":54},"end":{"line":9,"column":1}},"line":7}},"branchMap":{},"s":{"0":1,"1":1,"2":2,"3":1,"4":2,"5":1},"f":{"0":2,"1":2},"b":{},"_coverageSchema":"1a1c01bbd47fc00a2c39e90264f33305004495a9","hash":"8e10f34b5050da0ae4d7adea3b1e02b411eadda4"}
,"C:\\Users\\ASUS\\Documents\\Hacktiv8\\rmt 60\\Phase2\\Revisi IP\\IP-RMT60\\Server\\helpers\\gemini.js": {"path":"C:\\Users\\ASUS\\Documents\\Hacktiv8\\rmt 60\\Phase2\\Revisi IP\\IP-RMT60\\Server\\helpers\\gemini.js","statementMap":{"0":{"start":{"line":1,"column":31},"end":{"line":1,"column":63}},"1":{"start":{"line":2,"column":27},"end":{"line":2,"column":38}},"2":{"start":{"line":5,"column":14},"end":{"line":5,"column":52}},"3":{"start":{"line":8,"column":2},"end":{"line":27,"column":3}},"4":{"start":{"line":9,"column":24},"end":{"line":9,"column":124}},"5":{"start":{"line":12,"column":18},"end":{"line":12,"column":73}},"6":{"start":{"line":15,"column":27},"end":{"line":15,"column":154}},"7":{"start":{"line":18,"column":19},"end":{"line":18,"column":62}},"8":{"start":{"line":19,"column":21},"end":{"line":19,"column":42}},"9":{"start":{"line":20,"column":25},"end":{"line":20,"column":40}},"10":{"start":{"line":22,"column":24},"end":{"line":22,"column":104}},"11":{"start":{"line":23,"column":4},"end":{"line":23,"column":24}},"12":{"start":{"line":25,"column":24},"end":{"line":25,"column":111}},"13":{"start":{"line":26,"column":4},"end":{"line":26,"column":58}},"14":{"start":{"line":30,"column":0},"end":{"line":30,"column":31}},"15":{"start":{"line":37,"column":85},"end":{"line":37,"column":40362}},"16":{"start":{"line":37,"column":89},"end":{"line":37,"column":40351}}},"fnMap":{"0":{"name":"geminiApi","decl":{"start":{"line":7,"column":15},"end":{"line":7,"column":24}},"loc":{"start":{"line":7,"column":37},"end":{"line":28,"column":1}},"line":7},"1":{"name":"oo_cm","decl":{"start":{"line":37,"column":77},"end":{"line":37,"column":82}},"loc":{"start":{"line":37,"column":84},"end":{"line":37,"column":40363}},"line":37}},"branchMap":{"0":{"loc":{"start":{"line":37,"column":96},"end":{"line":37,"column":40350}},"type":"binary-expr","locations":[{"start":{"line":37,"column":96},"end":{"line":37,"column":133}},{"start":{"line":37,"column":137},"end":{"line":37,"column":40350}}],"line":37}},"s":{"0":1,"1":1,"2":1,"3":2,"4":2,"5":2,"6":2,"7":2,"8":1,"9":1,"10":1,"11":1,"12":1,"13":1,"14":1,"15":4,"16":4},"f":{"0":2,"1":4},"b":{"0":[4,1]},"_coverageSchema":"1a1c01bbd47fc00a2c39e90264f33305004495a9","hash":"b697b9bca93a477a37c0e288138be0ffa86d3cfc"}
,"C:\\Users\\ASUS\\Documents\\Hacktiv8\\rmt 60\\Phase2\\Revisi IP\\IP-RMT60\\Server\\helpers\\jwt.js": {"path":"C:\\Users\\ASUS\\Documents\\Hacktiv8\\rmt 60\\Phase2\\Revisi IP\\IP-RMT60\\Server\\helpers\\jwt.js","statementMap":{"0":{"start":{"line":1,"column":12},"end":{"line":1,"column":35}},"1":{"start":{"line":2,"column":19},"end":{"line":2,"column":41}},"2":{"start":{"line":3,"column":20},"end":{"line":5,"column":1}},"3":{"start":{"line":4,"column":4},"end":{"line":4,"column":40}},"4":{"start":{"line":7,"column":20},"end":{"line":9,"column":1}},"5":{"start":{"line":8,"column":4},"end":{"line":8,"column":40}},"6":{"start":{"line":11,"column":0},"end":{"line":14,"column":1}}},"fnMap":{"0":{"name":"(anonymous_0)","decl":{"start":{"line":3,"column":20},"end":{"line":3,"column":21}},"loc":{"start":{"line":3,"column":33},"end":{"line":5,"column":1}},"line":3},"1":{"name":"(anonymous_1)","decl":{"start":{"line":7,"column":20},"end":{"line":7,"column":21}},"loc":{"start":{"line":7,"column":31},"end":{"line":9,"column":1}},"line":7}},"branchMap":{},"s":{"0":1,"1":1,"2":1,"3":2,"4":1,"5":1,"6":1},"f":{"0":2,"1":1},"b":{},"_coverageSchema":"1a1c01bbd47fc00a2c39e90264f33305004495a9","hash":"a5f8865c1c8ae803fd9e431866c55d85843805f2"}
}
