TN:
SF:controllers\OrderController.js
FN:8,(anonymous_0)
FN:26,(anonymous_1)
FN:63,(anonymous_2)
FN:108,(anonymous_3)
FN:136,(anonymous_4)
FN:172,oo_cm
FNF:6
FNH:6
FNDA:2,(anonymous_0)
FNDA:4,(anonymous_1)
FNDA:4,(anonymous_2)
FNDA:4,(anonymous_3)
FNDA:4,(anonymous_4)
FNDA:5,oo_cm
DA:1,1
DA:2,1
DA:3,1
DA:4,1
DA:7,1
DA:9,2
DA:10,2
DA:19,1
DA:21,1
DA:22,1
DA:27,4
DA:28,4
DA:29,4
DA:31,4
DA:32,1
DA:36,3
DA:37,3
DA:38,1
DA:42,2
DA:53,1
DA:58,1
DA:59,1
DA:64,4
DA:65,4
DA:66,4
DA:68,4
DA:70,3
DA:71,1
DA:74,2
DA:75,1
DA:81,1
DA:89,1
DA:90,1
DA:91,1
DA:92,1
DA:96,1
DA:98,1
DA:103,1
DA:104,1
DA:109,4
DA:110,4
DA:112,4
DA:114,3
DA:115,1
DA:118,2
DA:119,1
DA:124,1
DA:126,1
DA:131,1
DA:132,1
DA:137,4
DA:138,4
DA:140,4
DA:142,3
DA:143,1
DA:146,2
DA:147,1
DA:152,1
DA:154,1
DA:159,1
DA:160,1
DA:172,5
LF:62
LH:62
BRDA:31,0,0,1
BRDA:31,0,1,3
BRDA:37,1,0,1
BRDA:37,1,1,2
BRDA:45,2,0,2
BRDA:45,2,1,0
BRDA:70,3,0,1
BRDA:70,3,1,2
BRDA:74,4,0,1
BRDA:74,4,1,1
BRDA:89,5,0,1
BRDA:89,5,1,0
BRDA:89,6,0,1
BRDA:89,6,1,1
BRDA:91,7,0,1
BRDA:91,7,1,0
BRDA:114,8,0,1
BRDA:114,8,1,2
BRDA:118,9,0,1
BRDA:118,9,1,1
BRDA:142,10,0,1
BRDA:142,10,1,2
BRDA:146,11,0,1
BRDA:146,11,1,1
BRDA:172,12,0,5
BRDA:172,12,1,1
BRF:26
BRH:23
end_of_record
TN:
SF:controllers\PaymentController.js
FN:5,(anonymous_0)
FN:14,(anonymous_1)
FN:61,(anonymous_2)
FN:135,(anonymous_3)
FN:194,(anonymous_4)
FN:220,oo_cm
FNF:6
FNH:6
FNDA:1,(anonymous_0)
FNDA:5,(anonymous_1)
FNDA:4,(anonymous_2)
FNDA:11,(anonymous_3)
FNDA:3,(anonymous_4)
FNDA:3,oo_cm
DA:1,1
DA:2,1
DA:5,1
DA:6,1
DA:13,1
DA:15,5
DA:16,5
DA:17,5
DA:18,5
DA:20,5
DA:22,4
DA:23,1
DA:26,3
DA:27,1
DA:32,2
DA:33,2
DA:34,1
DA:35,1
DA:36,1
DA:37,1
DA:38,1
DA:44,2
DA:51,2
DA:56,1
DA:57,1
DA:62,4
DA:63,4
DA:66,4
DA:74,3
DA:75,1
DA:78,2
DA:79,1
DA:83,1
DA:86,1
DA:89,1
DA:113,1
DA:114,1
DA:117,1
DA:122,1
DA:129,1
DA:130,1
DA:136,11
DA:137,11
DA:140,11
DA:147,11
DA:148,11
DA:149,11
DA:150,11
DA:153,11
DA:156,11
DA:158,10
DA:159,2
DA:163,8
DA:164,8
DA:166,8
DA:167,1
DA:168,1
DA:169,1
DA:171,7
DA:174,3
DA:175,4
DA:176,1
DA:180,8
DA:187,8
DA:189,1
DA:190,1
DA:195,3
DA:196,3
DA:200,2
DA:201,1
DA:204,1
DA:210,1
DA:220,3
LF:73
LH:73
BRDA:22,0,0,1
BRDA:22,0,1,3
BRDA:26,1,0,1
BRDA:26,1,1,2
BRDA:33,2,0,1
BRDA:33,2,1,1
BRDA:74,3,0,1
BRDA:74,3,1,2
BRDA:78,4,0,1
BRDA:78,4,1,1
BRDA:100,5,0,1
BRDA:100,5,1,0
BRDA:158,6,0,2
BRDA:158,6,1,8
BRDA:166,7,0,1
BRDA:166,7,1,7
BRDA:166,8,0,8
BRDA:166,8,1,8
BRDA:167,9,0,1
BRDA:167,9,1,0
BRDA:171,10,0,3
BRDA:171,10,1,4
BRDA:171,11,0,7
BRDA:171,11,1,6
BRDA:171,11,2,5
BRDA:175,12,0,1
BRDA:175,12,1,3
BRDA:200,13,0,1
BRDA:200,13,1,1
BRDA:220,14,0,3
BRDA:220,14,1,1
BRF:31
BRH:29
end_of_record
TN:
SF:controllers\UserController.js
FN:8,(anonymous_0)
FN:29,(anonymous_1)
FN:57,(anonymous_2)
FNF:3
FNH:3
FNDA:2,(anonymous_0)
FNDA:6,(anonymous_1)
FNDA:1,(anonymous_2)
DA:1,1
DA:2,1
DA:3,1
DA:4,1
DA:5,1
DA:7,1
DA:9,2
DA:10,2
DA:11,2
DA:17,1
DA:25,1
DA:30,6
DA:31,6
DA:32,1
DA:34,5
DA:35,1
DA:38,4
DA:39,4
DA:40,3
DA:41,1
DA:44,2
DA:45,2
DA:46,1
DA:49,1
DA:51,1
DA:53,3
DA:58,1
DA:59,1
DA:60,1
DA:65,1
DA:67,0
DA:70,0
DA:71,0
DA:78,0
DA:80,0
DA:81,0
DA:83,1
LF:37
LH:31
BRDA:31,0,0,1
BRDA:31,0,1,5
BRDA:34,1,0,1
BRDA:34,1,1,4
BRDA:40,2,0,1
BRDA:40,2,1,2
BRDA:45,3,0,1
BRDA:45,3,1,1
BRDA:70,4,0,0
BRDA:70,4,1,0
BRDA:74,5,0,0
BRDA:74,5,1,0
BRDA:75,6,0,0
BRDA:75,6,1,0
BRF:14
BRH:8
end_of_record
TN:
SF:helpers\bcrypt.js
FN:3,(anonymous_0)
FN:7,(anonymous_1)
FNF:2
FNH:2
FNDA:2,(anonymous_0)
FNDA:2,(anonymous_1)
DA:1,1
DA:3,1
DA:4,2
DA:7,1
DA:8,2
DA:11,1
LF:6
LH:6
BRF:0
BRH:0
end_of_record
TN:
SF:helpers\gemini.js
FN:7,geminiApi
FN:37,oo_cm
FNF:2
FNH:2
FNDA:2,geminiApi
FNDA:4,oo_cm
DA:1,1
DA:2,1
DA:5,1
DA:8,2
DA:9,2
DA:12,2
DA:15,2
DA:18,2
DA:19,1
DA:20,1
DA:22,1
DA:23,1
DA:25,1
DA:26,1
DA:30,1
DA:37,4
LF:16
LH:16
BRDA:37,0,0,4
BRDA:37,0,1,1
BRF:2
BRH:2
end_of_record
TN:
SF:helpers\jwt.js
FN:3,(anonymous_0)
FN:7,(anonymous_1)
FNF:2
FNH:2
FNDA:2,(anonymous_0)
FNDA:1,(anonymous_1)
DA:1,1
DA:2,1
DA:3,1
DA:4,2
DA:7,1
DA:8,1
DA:11,1
LF:7
LH:7
BRF:0
BRH:0
end_of_record
